<?xml version="1.0" encoding="UTF-8"?>
<testng-results skipped="0" failed="0" ignored="0" total="1" passed="1">
  <reporter-output>
  </reporter-output>
  <suite name="Suite" duration-ms="13334" started-at="2022-03-23T03:36:18Z" finished-at="2022-03-23T03:36:31Z">
    <groups>
    </groups>
    <test name="Test" duration-ms="13334" started-at="2022-03-23T03:36:18Z" finished-at="2022-03-23T03:36:31Z">
      <class name="regression.LaunchBrowser">
        <test-method status="PASS" signature="setup()[pri:0, instance:regression.LaunchBrowser@2133814f]" name="setup" duration-ms="13312" started-at="2022-03-23T03:36:18Z" finished-at="2022-03-23T03:36:31Z">
          <reporter-output>
          </reporter-output>
        </test-method> <!-- setup -->
      </class> <!-- regression.LaunchBrowser -->
    </test> <!-- Test -->
  </suite> <!-- Suite -->
</testng-results>
