<?xml version="1.0" encoding="UTF-8"?>
<testng-results skipped="0" failed="0" ignored="0" total="1" passed="1">
  <reporter-output>
  </reporter-output>
  <suite name="Suite" duration-ms="12947" started-at="2022-03-23T09:55:23 IST" finished-at="2022-03-23T09:55:36 IST">
    <groups>
    </groups>
    <test name="Test" duration-ms="12947" started-at="2022-03-23T09:55:23 IST" finished-at="2022-03-23T09:55:36 IST">
      <class name="demojenkins.ChromeBrowser">
        <test-method status="PASS" signature="test()[pri:0, instance:demojenkins.ChromeBrowser@27f723]" name="test" duration-ms="12891" started-at="2022-03-23T09:55:23 IST" finished-at="2022-03-23T09:55:36 IST">
          <reporter-output>
          </reporter-output>
        </test-method> <!-- test -->
      </class> <!-- demojenkins.ChromeBrowser -->
    </test> <!-- Test -->
  </suite> <!-- Suite -->
</testng-results>
